2014/09/18 21:14:41.183 INFO Loading properties file from class path resource [jdbc-test.properties]
2014/09/18 21:14:41.370 INFO HCANN000001: Hibernate Commons Annotations {4.0.2.Final}
2014/09/18 21:14:41.375 INFO HHH000412: Hibernate Core {4.2.15.Final}
2014/09/18 21:14:41.376 INFO HHH000206: hibernate.properties not found
2014/09/18 21:14:41.378 INFO HHH000021: Bytecode provider name : javassist
2014/09/18 21:14:41.788 INFO HHH000400: Using dialect: org.hibernate.dialect.H2Dialect
2014/09/18 21:14:41.951 INFO HHH000399: Using default transaction strategy (direct JDBC transactions)
2014/09/18 21:14:41.955 INFO HHH000397: Using ASTQueryTranslatorFactory
2014/09/18 21:14:42.157 INFO HHH000228: Running hbm2ddl schema update
2014/09/18 21:14:42.157 INFO HHH000102: Fetching database metadata
2014/09/18 21:14:42.177 INFO HHH000396: Updating schema
2014/09/18 21:14:42.195 INFO HHH000262: Table not found: ref_role_function
2014/09/18 21:14:42.197 INFO HHH000262: Table not found: t_user
2014/09/18 21:14:42.198 INFO HHH000262: Table not found: tab_function
2014/09/18 21:14:42.199 INFO HHH000262: Table not found: tab_role
2014/09/18 21:14:42.199 INFO HHH000262: Table not found: tab_user
2014/09/18 21:14:42.200 INFO HHH000262: Table not found: ref_role_function
2014/09/18 21:14:42.201 INFO HHH000262: Table not found: t_user
2014/09/18 21:14:42.201 INFO HHH000262: Table not found: tab_function
2014/09/18 21:14:42.202 INFO HHH000262: Table not found: tab_role
2014/09/18 21:14:42.203 INFO HHH000262: Table not found: tab_user
2014/09/18 21:14:42.203 INFO HHH000262: Table not found: ref_role_function
2014/09/18 21:14:42.204 INFO HHH000262: Table not found: t_user
2014/09/18 21:14:42.205 INFO HHH000262: Table not found: tab_function
2014/09/18 21:14:42.205 INFO HHH000262: Table not found: tab_role
2014/09/18 21:14:42.206 INFO HHH000262: Table not found: tab_user
2014/09/18 21:14:42.217 INFO HHH000232: Schema update complete
2014/09/18 21:14:42.648 WARN [DEPRECATION] Encountered positional parameter near line 1, column 66.  Positional parameter are considered deprecated; use named parameters or JPA-style positional parameters instead.
2014/09/18 21:14:42.649 WARN [DEPRECATION] Encountered positional parameter near line 1, column 85.  Positional parameter are considered deprecated; use named parameters or JPA-style positional parameters instead.
2014/09/18 21:14:42.774 INFO Shutting down 'springDbPool' pool immediately [Shutdown Hook]
2014/09/18 21:14:42.774 INFO Stopping Prototyper thread
2014/09/18 21:14:42.775 INFO Stopping HouseKeeper thread
2014/09/18 21:14:52.961 INFO Loading properties file from class path resource [jdbc-test.properties]
2014/09/18 21:14:53.131 INFO HCANN000001: Hibernate Commons Annotations {4.0.2.Final}
2014/09/18 21:14:53.136 INFO HHH000412: Hibernate Core {4.2.15.Final}
2014/09/18 21:14:53.138 INFO HHH000206: hibernate.properties not found
2014/09/18 21:14:53.139 INFO HHH000021: Bytecode provider name : javassist
2014/09/18 21:14:53.589 INFO HHH000400: Using dialect: org.hibernate.dialect.H2Dialect
2014/09/18 21:14:53.738 INFO HHH000399: Using default transaction strategy (direct JDBC transactions)
2014/09/18 21:14:53.742 INFO HHH000397: Using ASTQueryTranslatorFactory
2014/09/18 21:14:53.967 INFO HHH000228: Running hbm2ddl schema update
2014/09/18 21:14:53.967 INFO HHH000102: Fetching database metadata
2014/09/18 21:14:53.993 INFO HHH000396: Updating schema
2014/09/18 21:14:53.997 INFO HHH000262: Table not found: ref_role_function
2014/09/18 21:14:53.999 INFO HHH000262: Table not found: t_user
2014/09/18 21:14:54.000 INFO HHH000262: Table not found: tab_function
2014/09/18 21:14:54.001 INFO HHH000262: Table not found: tab_role
2014/09/18 21:14:54.003 INFO HHH000262: Table not found: tab_user
2014/09/18 21:14:54.003 INFO HHH000262: Table not found: ref_role_function
2014/09/18 21:14:54.004 INFO HHH000262: Table not found: t_user
2014/09/18 21:14:54.005 INFO HHH000262: Table not found: tab_function
2014/09/18 21:14:54.006 INFO HHH000262: Table not found: tab_role
2014/09/18 21:14:54.007 INFO HHH000262: Table not found: tab_user
2014/09/18 21:14:54.008 INFO HHH000262: Table not found: ref_role_function
2014/09/18 21:14:54.009 INFO HHH000262: Table not found: t_user
2014/09/18 21:14:54.010 INFO HHH000262: Table not found: tab_function
2014/09/18 21:14:54.010 INFO HHH000262: Table not found: tab_role
2014/09/18 21:14:54.011 INFO HHH000262: Table not found: tab_user
2014/09/18 21:14:54.025 INFO HHH000232: Schema update complete
2014/09/18 21:14:54.423 WARN [DEPRECATION] Encountered positional parameter near line 1, column 66.  Positional parameter are considered deprecated; use named parameters or JPA-style positional parameters instead.
2014/09/18 21:14:54.424 WARN [DEPRECATION] Encountered positional parameter near line 1, column 85.  Positional parameter are considered deprecated; use named parameters or JPA-style positional parameters instead.
2014/09/18 21:14:54.635 INFO Shutting down 'springDbPool' pool immediately [Shutdown Hook]
2014/09/18 21:14:54.635 INFO Stopping Prototyper thread
2014/09/18 21:14:54.636 INFO Stopping HouseKeeper thread
